;  LST file generated by mikroListExporter - v.2.0 
; Date/Time: 05.05.2021 17:50:10
;----------------------------------------------

;Address Opcode 	ASM
0x0000	0x2A51      	GOTO       593
_Delay_50us:
;__Lib_Delays.c,19 :: 		void Delay_50us() {
;__Lib_Delays.c,20 :: 		Delay_us(50);
0x0003	0x3010      	MOVLW      16
0x0004	0x1283      	BCF        STATUS, 5
0x0005	0x00CD      	MOVWF      R13
L_Delay_50us2:
0x0006	0x0BCD      	DECFSZ     R13, 1
0x0007	0x2806      	GOTO       L_Delay_50us2
0x0008	0x0000      	NOP
;__Lib_Delays.c,21 :: 		}
L_end_Delay_50us:
0x0009	0x0008      	RETURN
; end of _Delay_50us
_Delay_5500us:
;__Lib_Delays.c,31 :: 		void Delay_5500us() {
;__Lib_Delays.c,32 :: 		Delay_us(5500);
0x000A	0x3008      	MOVLW      8
0x000B	0x1283      	BCF        STATUS, 5
0x000C	0x00CC      	MOVWF      R12
0x000D	0x3023      	MOVLW      35
0x000E	0x00CD      	MOVWF      R13
L_Delay_5500us5:
0x000F	0x0BCD      	DECFSZ     R13, 1
0x0010	0x280F      	GOTO       L_Delay_5500us5
0x0011	0x0BCC      	DECFSZ     R12, 1
0x0012	0x280F      	GOTO       L_Delay_5500us5
;__Lib_Delays.c,33 :: 		}
L_end_Delay_5500us:
0x0013	0x0008      	RETURN
; end of _Delay_5500us
_Delay_1us:
;__Lib_Delays.c,7 :: 		void Delay_1us() {
;__Lib_Delays.c,8 :: 		Delay_us(1);
0x0014	0x0000      	NOP
;__Lib_Delays.c,9 :: 		}
L_end_Delay_1us:
0x0015	0x0008      	RETURN
; end of _Delay_1us
_Lcd_Cmd:
;__Lib_Lcd.c,18 :: 		
;__Lib_Lcd.c,20 :: 		
0x0016	0x1283      	BCF        STATUS, 5
0x0017	0x1BB6      	BTFSC      FARG_Lcd_Cmd_out_char, 7
0x0018	0x281B      	GOTO       L__Lcd_Cmd21
0x0019	0x1386      	BCF        LCD_D7, BitPos(LCD_D7+0)
0x001A	0x281C      	GOTO       L__Lcd_Cmd22
L__Lcd_Cmd21:
0x001B	0x1786      	BSF        LCD_D7, BitPos(LCD_D7+0)
L__Lcd_Cmd22:
;__Lib_Lcd.c,21 :: 		
0x001C	0x1B36      	BTFSC      FARG_Lcd_Cmd_out_char, 6
0x001D	0x2820      	GOTO       L__Lcd_Cmd23
0x001E	0x1306      	BCF        LCD_D6, BitPos(LCD_D6+0)
0x001F	0x2821      	GOTO       L__Lcd_Cmd24
L__Lcd_Cmd23:
0x0020	0x1706      	BSF        LCD_D6, BitPos(LCD_D6+0)
L__Lcd_Cmd24:
;__Lib_Lcd.c,22 :: 		
0x0021	0x1AB6      	BTFSC      FARG_Lcd_Cmd_out_char, 5
0x0022	0x2825      	GOTO       L__Lcd_Cmd25
0x0023	0x1286      	BCF        LCD_D5, BitPos(LCD_D5+0)
0x0024	0x2826      	GOTO       L__Lcd_Cmd26
L__Lcd_Cmd25:
0x0025	0x1686      	BSF        LCD_D5, BitPos(LCD_D5+0)
L__Lcd_Cmd26:
;__Lib_Lcd.c,23 :: 		
0x0026	0x1A36      	BTFSC      FARG_Lcd_Cmd_out_char, 4
0x0027	0x282A      	GOTO       L__Lcd_Cmd27
0x0028	0x1206      	BCF        LCD_D4, BitPos(LCD_D4+0)
0x0029	0x282B      	GOTO       L__Lcd_Cmd28
L__Lcd_Cmd27:
0x002A	0x1606      	BSF        LCD_D4, BitPos(LCD_D4+0)
L__Lcd_Cmd28:
;__Lib_Lcd.c,25 :: 		
0x002B	0x1823      	BTFSC      __Lib_Lcd_cmd_status, BitPos(__Lib_Lcd_cmd_status+0)
0x002C	0x282F      	GOTO       L__Lcd_Cmd29
0x002D	0x1406      	BSF        LCD_RS, BitPos(LCD_RS+0)
0x002E	0x2830      	GOTO       L__Lcd_Cmd30
L__Lcd_Cmd29:
0x002F	0x1006      	BCF        LCD_RS, BitPos(LCD_RS+0)
L__Lcd_Cmd30:
;__Lib_Lcd.c,28 :: 		
0x0030	0x1486      	BSF        LCD_EN, BitPos(LCD_EN+0)
;__Lib_Lcd.c,29 :: 		
0x0031	0x2014      	CALL       _Delay_1us
;__Lib_Lcd.c,30 :: 		
0x0032	0x1086      	BCF        LCD_EN, BitPos(LCD_EN+0)
;__Lib_Lcd.c,33 :: 		
0x0033	0x19B6      	BTFSC      FARG_Lcd_Cmd_out_char, 3
0x0034	0x2837      	GOTO       L__Lcd_Cmd31
0x0035	0x1386      	BCF        LCD_D7, BitPos(LCD_D7+0)
0x0036	0x2838      	GOTO       L__Lcd_Cmd32
L__Lcd_Cmd31:
0x0037	0x1786      	BSF        LCD_D7, BitPos(LCD_D7+0)
L__Lcd_Cmd32:
;__Lib_Lcd.c,34 :: 		
0x0038	0x1936      	BTFSC      FARG_Lcd_Cmd_out_char, 2
0x0039	0x283C      	GOTO       L__Lcd_Cmd33
0x003A	0x1306      	BCF        LCD_D6, BitPos(LCD_D6+0)
0x003B	0x283D      	GOTO       L__Lcd_Cmd34
L__Lcd_Cmd33:
0x003C	0x1706      	BSF        LCD_D6, BitPos(LCD_D6+0)
L__Lcd_Cmd34:
;__Lib_Lcd.c,35 :: 		
0x003D	0x18B6      	BTFSC      FARG_Lcd_Cmd_out_char, 1
0x003E	0x2841      	GOTO       L__Lcd_Cmd35
0x003F	0x1286      	BCF        LCD_D5, BitPos(LCD_D5+0)
0x0040	0x2842      	GOTO       L__Lcd_Cmd36
L__Lcd_Cmd35:
0x0041	0x1686      	BSF        LCD_D5, BitPos(LCD_D5+0)
L__Lcd_Cmd36:
;__Lib_Lcd.c,36 :: 		
0x0042	0x1836      	BTFSC      FARG_Lcd_Cmd_out_char, 0
0x0043	0x2846      	GOTO       L__Lcd_Cmd37
0x0044	0x1206      	BCF        LCD_D4, BitPos(LCD_D4+0)
0x0045	0x2847      	GOTO       L__Lcd_Cmd38
L__Lcd_Cmd37:
0x0046	0x1606      	BSF        LCD_D4, BitPos(LCD_D4+0)
L__Lcd_Cmd38:
;__Lib_Lcd.c,38 :: 		
0x0047	0x1823      	BTFSC      __Lib_Lcd_cmd_status, BitPos(__Lib_Lcd_cmd_status+0)
0x0048	0x284B      	GOTO       L__Lcd_Cmd39
0x0049	0x1406      	BSF        LCD_RS, BitPos(LCD_RS+0)
0x004A	0x284C      	GOTO       L__Lcd_Cmd40
L__Lcd_Cmd39:
0x004B	0x1006      	BCF        LCD_RS, BitPos(LCD_RS+0)
L__Lcd_Cmd40:
;__Lib_Lcd.c,40 :: 		
0x004C	0x1486      	BSF        LCD_EN, BitPos(LCD_EN+0)
;__Lib_Lcd.c,41 :: 		
0x004D	0x2014      	CALL       _Delay_1us
;__Lib_Lcd.c,42 :: 		
0x004E	0x1086      	BCF        LCD_EN, BitPos(LCD_EN+0)
;__Lib_Lcd.c,44 :: 		
0x004F	0x1C23      	BTFSS      __Lib_Lcd_cmd_status, BitPos(__Lib_Lcd_cmd_status+0)
0x0050	0x2853      	GOTO       L_Lcd_Cmd0
;__Lib_Lcd.c,45 :: 		
0x0051	0x200A      	CALL       _Delay_5500us
0x0052	0x2854      	GOTO       L_Lcd_Cmd1
L_Lcd_Cmd0:
;__Lib_Lcd.c,47 :: 		
0x0053	0x2003      	CALL       _Delay_50us
L_Lcd_Cmd1:
;__Lib_Lcd.c,48 :: 		
L_end_Lcd_Cmd:
0x0054	0x0008      	RETURN
; end of _Lcd_Cmd
_Div_16X16_U:
;__Lib_Math.c,215 :: 		
;__Lib_Math.c,222 :: 		
0x0055	0x1283      	BCF        STATUS, 5
;__Lib_Math.c,223 :: 		
0x0056	0x1303      	BCF        STATUS, 6
;__Lib_Math.c,224 :: 		
0x0057	0x01C8      	CLRF       R8
;__Lib_Math.c,225 :: 		
0x0058	0x01C9      	CLRF       R9
;__Lib_Math.c,226 :: 		
0x0059	0x3010      	MOVLW      16
;__Lib_Math.c,227 :: 		
0x005A	0x00CC      	MOVWF      R12
;__Lib_Math.c,228 :: 		
0x005B	0x0D41      	RLF        R1, 0
;__Lib_Math.c,229 :: 		
0x005C	0x0DC8      	RLF        R8, 1
;__Lib_Math.c,230 :: 		
0x005D	0x0DC9      	RLF        R9, 1
;__Lib_Math.c,231 :: 		
0x005E	0x0844      	MOVF       R4, 0
;__Lib_Math.c,232 :: 		
0x005F	0x02C8      	SUBWF      R8, 1
;__Lib_Math.c,233 :: 		
0x0060	0x0845      	MOVF       R5, 0
;__Lib_Math.c,234 :: 		
0x0061	0x1C03      	BTFSS      STATUS, 0
;__Lib_Math.c,235 :: 		
0x0062	0x0F45      	INCFSZ     R5, 0
;__Lib_Math.c,236 :: 		
0x0063	0x02C9      	SUBWF      R9, 1
;__Lib_Math.c,237 :: 		
0x0064	0x1803      	BTFSC      STATUS, 0
;__Lib_Math.c,238 :: 		
0x0065	0x286D      	GOTO       $+8
;__Lib_Math.c,239 :: 		
0x0066	0x0844      	MOVF       R4, 0
;__Lib_Math.c,240 :: 		
0x0067	0x07C8      	ADDWF      R8, 1
;__Lib_Math.c,241 :: 		
0x0068	0x0845      	MOVF       R5, 0
;__Lib_Math.c,242 :: 		
0x0069	0x1803      	BTFSC      STATUS, 0
;__Lib_Math.c,243 :: 		
0x006A	0x0F45      	INCFSZ     R5, 0
;__Lib_Math.c,244 :: 		
0x006B	0x07C9      	ADDWF      R9, 1
;__Lib_Math.c,245 :: 		
0x006C	0x1003      	BCF        STATUS, 0
;__Lib_Math.c,246 :: 		
0x006D	0x0DC0      	RLF        R0, 1
;__Lib_Math.c,247 :: 		
0x006E	0x0DC1      	RLF        R1, 1
;__Lib_Math.c,248 :: 		
0x006F	0x0BCC      	DECFSZ     R12, 1
;__Lib_Math.c,249 :: 		
0x0070	0x285B      	GOTO       $-21
;__Lib_Math.c,251 :: 		
L_end_Div_16X16_U:
0x0071	0x0008      	RETURN
; end of _Div_16X16_U
_WordToStr:
;__Lib_Conversions.c,98 :: 		
;__Lib_Conversions.c,103 :: 		
0x0072	0x1283      	BCF        STATUS, 5
0x0073	0x01B4      	CLRF       WordToStr_len_L0
L_WordToStr11:
0x0074	0x3005      	MOVLW      5
0x0075	0x0234      	SUBWF      WordToStr_len_L0, 0
0x0076	0x1803      	BTFSC      STATUS, 0
0x0077	0x287F      	GOTO       L_WordToStr12
;__Lib_Conversions.c,104 :: 		
0x0078	0x0834      	MOVF       WordToStr_len_L0, 0
0x0079	0x0733      	ADDWF      FARG_WordToStr_output, 0
0x007A	0x0084      	MOVWF      FSR
0x007B	0x3020      	MOVLW      32
0x007C	0x0080      	MOVWF      INDF
;__Lib_Conversions.c,103 :: 		
0x007D	0x0AB4      	INCF       WordToStr_len_L0, 1
;__Lib_Conversions.c,104 :: 		
0x007E	0x2874      	GOTO       L_WordToStr11
L_WordToStr12:
;__Lib_Conversions.c,105 :: 		
0x007F	0x0834      	MOVF       WordToStr_len_L0, 0
0x0080	0x0733      	ADDWF      FARG_WordToStr_output, 0
0x0081	0x0084      	MOVWF      FSR
0x0082	0x0180      	CLRF       INDF
0x0083	0x03B4      	DECF       WordToStr_len_L0, 1
;__Lib_Conversions.c,107 :: 		
L_WordToStr14:
;__Lib_Conversions.c,108 :: 		
0x0084	0x0834      	MOVF       WordToStr_len_L0, 0
0x0085	0x0733      	ADDWF      FARG_WordToStr_output, 0
0x0086	0x00B5      	MOVWF      FLOC__WordToStr
0x0087	0x300A      	MOVLW      10
0x0088	0x00C4      	MOVWF      R4
0x0089	0x01C5      	CLRF       R4+1
0x008A	0x0831      	MOVF       FARG_WordToStr_input, 0
0x008B	0x00C0      	MOVWF      R0
0x008C	0x0832      	MOVF       FARG_WordToStr_input+1, 0
0x008D	0x00C1      	MOVWF      R0+1
0x008E	0x2055      	CALL       _Div_16X16_U
0x008F	0x0848      	MOVF       R8, 0
0x0090	0x00C0      	MOVWF      R0
0x0091	0x0849      	MOVF       R8+1, 0
0x0092	0x00C1      	MOVWF      R0+1
0x0093	0x3030      	MOVLW      48
0x0094	0x07C0      	ADDWF      R0, 1
0x0095	0x0835      	MOVF       FLOC__WordToStr, 0
0x0096	0x0084      	MOVWF      FSR
0x0097	0x0840      	MOVF       R0, 0
0x0098	0x0080      	MOVWF      INDF
;__Lib_Conversions.c,109 :: 		
0x0099	0x300A      	MOVLW      10
0x009A	0x00C4      	MOVWF      R4
0x009B	0x01C5      	CLRF       R4+1
0x009C	0x0831      	MOVF       FARG_WordToStr_input, 0
0x009D	0x00C0      	MOVWF      R0
0x009E	0x0832      	MOVF       FARG_WordToStr_input+1, 0
0x009F	0x00C1      	MOVWF      R0+1
0x00A0	0x2055      	CALL       _Div_16X16_U
0x00A1	0x0840      	MOVF       R0, 0
0x00A2	0x00B1      	MOVWF      FARG_WordToStr_input
0x00A3	0x0841      	MOVF       R0+1, 0
0x00A4	0x00B2      	MOVWF      FARG_WordToStr_input+1
;__Lib_Conversions.c,110 :: 		
0x00A5	0x3000      	MOVLW      0
0x00A6	0x0641      	XORWF      R0+1, 0
0x00A7	0x1D03      	BTFSS      STATUS, 2
0x00A8	0x28AB      	GOTO       L__WordToStr379
0x00A9	0x3000      	MOVLW      0
0x00AA	0x0640      	XORWF      R0, 0
L__WordToStr379:
0x00AB	0x1D03      	BTFSS      STATUS, 2
0x00AC	0x28AE      	GOTO       L_WordToStr16
;__Lib_Conversions.c,111 :: 		
0x00AD	0x28B0      	GOTO       L_WordToStr15
L_WordToStr16:
;__Lib_Conversions.c,112 :: 		
0x00AE	0x03B4      	DECF       WordToStr_len_L0, 1
;__Lib_Conversions.c,113 :: 		
0x00AF	0x2884      	GOTO       L_WordToStr14
L_WordToStr15:
;__Lib_Conversions.c,114 :: 		
L_end_WordToStr:
0x00B0	0x0008      	RETURN
; end of _WordToStr
_Div_16x16_S_L:
;__Lib_Math.c,421 :: 		
;__Lib_Math.c,427 :: 		
0x00B1	0x0D41      	RLF        R1, 0
;__Lib_Math.c,428 :: 		
0x00B2	0x0DC8      	RLF        R8, 1
;__Lib_Math.c,429 :: 		
0x00B3	0x0DC9      	RLF        R9, 1
;__Lib_Math.c,430 :: 		
0x00B4	0x0844      	MOVF       R4, 0
;__Lib_Math.c,431 :: 		
0x00B5	0x02C8      	SUBWF      R8, 1
;__Lib_Math.c,432 :: 		
0x00B6	0x0845      	MOVF       R5, 0
;__Lib_Math.c,433 :: 		
0x00B7	0x1C03      	BTFSS      STATUS, 0
;__Lib_Math.c,434 :: 		
0x00B8	0x0F45      	INCFSZ     R5, 0
;__Lib_Math.c,435 :: 		
0x00B9	0x02C9      	SUBWF      R9, 1
;__Lib_Math.c,436 :: 		
0x00BA	0x0DC0      	RLF        R0, 1
;__Lib_Math.c,437 :: 		
0x00BB	0x0DC1      	RLF        R1, 1
;__Lib_Math.c,439 :: 		
0x00BC	0x300F      	MOVLW      15
;__Lib_Math.c,440 :: 		
0x00BD	0x00CC      	MOVWF      R12
;__Lib_Math.c,442 :: 		
0x00BE	0x0D41      	RLF        R1, 0
;__Lib_Math.c,443 :: 		
0x00BF	0x0DC8      	RLF        R8, 1
;__Lib_Math.c,444 :: 		
0x00C0	0x0DC9      	RLF        R9, 1
;__Lib_Math.c,445 :: 		
0x00C1	0x0844      	MOVF       R4, 0
;__Lib_Math.c,447 :: 		
0x00C2	0x1C40      	BTFSS      R0, 0
;__Lib_Math.c,448 :: 		
0x00C3	0x28CA      	GOTO       $+7
;__Lib_Math.c,449 :: 		
0x00C4	0x02C8      	SUBWF      R8, 1
;__Lib_Math.c,450 :: 		
0x00C5	0x0845      	MOVF       R5, 0
;__Lib_Math.c,451 :: 		
0x00C6	0x1C03      	BTFSS      STATUS, 0
;__Lib_Math.c,452 :: 		
0x00C7	0x0F45      	INCFSZ     R5, 0
;__Lib_Math.c,453 :: 		
0x00C8	0x02C9      	SUBWF      R9, 1
;__Lib_Math.c,454 :: 		
0x00C9	0x28CF      	GOTO       $+6
;__Lib_Math.c,456 :: 		
0x00CA	0x07C8      	ADDWF      R8, 1
;__Lib_Math.c,457 :: 		
0x00CB	0x0845      	MOVF       R5, 0
;__Lib_Math.c,458 :: 		
0x00CC	0x1803      	BTFSC      STATUS, 0
;__Lib_Math.c,459 :: 		
0x00CD	0x0F45      	INCFSZ     R5, 0
;__Lib_Math.c,460 :: 		
0x00CE	0x07C9      	ADDWF      R9, 1
;__Lib_Math.c,462 :: 		
0x00CF	0x0DC0      	RLF        R0, 1
;__Lib_Math.c,463 :: 		
0x00D0	0x0DC1      	RLF        R1, 1
;__Lib_Math.c,465 :: 		
0x00D1	0x0BCC      	DECFSZ     R12, 1
;__Lib_Math.c,466 :: 		
0x00D2	0x28BE      	GOTO       $-20
;__Lib_Math.c,468 :: 		
0x00D3	0x1840      	BTFSC      R0, 0
;__Lib_Math.c,469 :: 		
0x00D4	0x28DB      	GOTO       $+7
;__Lib_Math.c,470 :: 		
0x00D5	0x0844      	MOVF       R4, 0
;__Lib_Math.c,471 :: 		
0x00D6	0x07C8      	ADDWF      R8, 1
;__Lib_Math.c,472 :: 		
0x00D7	0x0845      	MOVF       R5, 0
;__Lib_Math.c,473 :: 		
0x00D8	0x1803      	BTFSC      STATUS, 0
;__Lib_Math.c,474 :: 		
0x00D9	0x0F45      	INCFSZ     R5, 0
;__Lib_Math.c,475 :: 		
0x00DA	0x07C9      	ADDWF      R9, 1
;__Lib_Math.c,476 :: 		
0x00DB	0x0000      	NOP
;__Lib_Math.c,478 :: 		
L_end_Div_16x16_S_L:
0x00DC	0x0008      	RETURN
; end of _Div_16x16_S_L
_____DoICP:
;__Lib_System.c,6 :: 		
;__Lib_System.c,9 :: 		
0x00DD	0x1283      	BCF        STATUS, 5
0x00DE	0x0827      	MOVF       ___DoICPAddr+1, 0
0x00DF	0x008A      	MOVWF      PCLATH
;__Lib_System.c,10 :: 		
0x00E0	0x0826      	MOVF       ___DoICPAddr, 0
0x00E1	0x0082      	MOVWF      PCL
;__Lib_System.c,12 :: 		
L_end_____DoICP:
0x00E2	0x0008      	RETURN
; end of _____DoICP
_Lcd_Chr_CP:
;__Lib_Lcd.c,50 :: 		
;__Lib_Lcd.c,52 :: 		
0x00E3	0x1283      	BCF        STATUS, 5
0x00E4	0x1023      	BCF        __Lib_Lcd_cmd_status, BitPos(__Lib_Lcd_cmd_status+0)
;__Lib_Lcd.c,53 :: 		
0x00E5	0x0831      	MOVF       FARG_Lcd_Chr_CP_out_char, 0
0x00E6	0x00B6      	MOVWF      FARG_Lcd_Cmd_out_char
0x00E7	0x2016      	CALL       _Lcd_Cmd
;__Lib_Lcd.c,54 :: 		
0x00E8	0x1423      	BSF        __Lib_Lcd_cmd_status, BitPos(__Lib_Lcd_cmd_status+0)
;__Lib_Lcd.c,55 :: 		
L_end_Lcd_Chr_CP:
0x00E9	0x0008      	RETURN
; end of _Lcd_Chr_CP
_Lcd_Init:
;__Lib_Lcd.c,84 :: 		
;__Lib_Lcd.c,86 :: 		
0x00EA	0x1683      	BSF        STATUS, 5
0x00EB	0x1086      	BCF        LCD_EN_Direction, BitPos(LCD_EN_Direction+0)
;__Lib_Lcd.c,87 :: 		
0x00EC	0x1006      	BCF        LCD_RS_Direction, BitPos(LCD_RS_Direction+0)
;__Lib_Lcd.c,88 :: 		
0x00ED	0x1206      	BCF        LCD_D4_Direction, BitPos(LCD_D4_Direction+0)
;__Lib_Lcd.c,89 :: 		
0x00EE	0x1286      	BCF        LCD_D5_Direction, BitPos(LCD_D5_Direction+0)
;__Lib_Lcd.c,90 :: 		
0x00EF	0x1306      	BCF        LCD_D6_Direction, BitPos(LCD_D6_Direction+0)
;__Lib_Lcd.c,91 :: 		
0x00F0	0x1386      	BCF        LCD_D7_Direction, BitPos(LCD_D7_Direction+0)
;__Lib_Lcd.c,93 :: 		
0x00F1	0x1283      	BCF        STATUS, 5
0x00F2	0x1086      	BCF        LCD_EN, BitPos(LCD_EN+0)
;__Lib_Lcd.c,94 :: 		
0x00F3	0x1006      	BCF        LCD_RS, BitPos(LCD_RS+0)
;__Lib_Lcd.c,95 :: 		
0x00F4	0x1386      	BCF        LCD_D7, BitPos(LCD_D7+0)
;__Lib_Lcd.c,96 :: 		
0x00F5	0x1306      	BCF        LCD_D6, BitPos(LCD_D6+0)
;__Lib_Lcd.c,97 :: 		
0x00F6	0x1286      	BCF        LCD_D5, BitPos(LCD_D5+0)
;__Lib_Lcd.c,98 :: 		
0x00F7	0x1206      	BCF        LCD_D4, BitPos(LCD_D4+0)
;__Lib_Lcd.c,100 :: 		
0x00F8	0x200A      	CALL       _Delay_5500us
;__Lib_Lcd.c,101 :: 		
0x00F9	0x200A      	CALL       _Delay_5500us
;__Lib_Lcd.c,102 :: 		
0x00FA	0x200A      	CALL       _Delay_5500us
;__Lib_Lcd.c,105 :: 		
0x00FB	0x1686      	BSF        LCD_D5, BitPos(LCD_D5+0)
;__Lib_Lcd.c,106 :: 		
0x00FC	0x1606      	BSF        LCD_D4, BitPos(LCD_D4+0)
;__Lib_Lcd.c,107 :: 		
0x00FD	0x1486      	BSF        LCD_EN, BitPos(LCD_EN+0)
;__Lib_Lcd.c,108 :: 		
0x00FE	0x2014      	CALL       _Delay_1us
;__Lib_Lcd.c,109 :: 		
0x00FF	0x1086      	BCF        LCD_EN, BitPos(LCD_EN+0)
;__Lib_Lcd.c,110 :: 		
0x0100	0x200A      	CALL       _Delay_5500us
;__Lib_Lcd.c,112 :: 		
0x0101	0x1486      	BSF        LCD_EN, BitPos(LCD_EN+0)
;__Lib_Lcd.c,113 :: 		
0x0102	0x2014      	CALL       _Delay_1us
;__Lib_Lcd.c,114 :: 		
0x0103	0x1086      	BCF        LCD_EN, BitPos(LCD_EN+0)
;__Lib_Lcd.c,115 :: 		
0x0104	0x200A      	CALL       _Delay_5500us
;__Lib_Lcd.c,117 :: 		
0x0105	0x1486      	BSF        LCD_EN, BitPos(LCD_EN+0)
;__Lib_Lcd.c,118 :: 		
0x0106	0x2014      	CALL       _Delay_1us
;__Lib_Lcd.c,119 :: 		
0x0107	0x1086      	BCF        LCD_EN, BitPos(LCD_EN+0)
;__Lib_Lcd.c,120 :: 		
0x0108	0x200A      	CALL       _Delay_5500us
;__Lib_Lcd.c,123 :: 		
0x0109	0x1206      	BCF        LCD_D4, BitPos(LCD_D4+0)
;__Lib_Lcd.c,124 :: 		
0x010A	0x1486      	BSF        LCD_EN, BitPos(LCD_EN+0)
;__Lib_Lcd.c,125 :: 		
0x010B	0x2014      	CALL       _Delay_1us
;__Lib_Lcd.c,126 :: 		
0x010C	0x1086      	BCF        LCD_EN, BitPos(LCD_EN+0)
;__Lib_Lcd.c,127 :: 		
0x010D	0x200A      	CALL       _Delay_5500us
;__Lib_Lcd.c,130 :: 		
0x010E	0x1486      	BSF        LCD_EN, BitPos(LCD_EN+0)
;__Lib_Lcd.c,131 :: 		
0x010F	0x2014      	CALL       _Delay_1us
;__Lib_Lcd.c,132 :: 		
0x0110	0x1086      	BCF        LCD_EN, BitPos(LCD_EN+0)
;__Lib_Lcd.c,134 :: 		
0x0111	0x1286      	BCF        LCD_D5, BitPos(LCD_D5+0)
;__Lib_Lcd.c,135 :: 		
0x0112	0x1786      	BSF        LCD_D7, BitPos(LCD_D7+0)
;__Lib_Lcd.c,136 :: 		
0x0113	0x1486      	BSF        LCD_EN, BitPos(LCD_EN+0)
;__Lib_Lcd.c,137 :: 		
0x0114	0x2014      	CALL       _Delay_1us
;__Lib_Lcd.c,138 :: 		
0x0115	0x1086      	BCF        LCD_EN, BitPos(LCD_EN+0)
;__Lib_Lcd.c,139 :: 		
0x0116	0x200A      	CALL       _Delay_5500us
;__Lib_Lcd.c,142 :: 		
0x0117	0x1386      	BCF        LCD_D7, BitPos(LCD_D7+0)
;__Lib_Lcd.c,143 :: 		
0x0118	0x1606      	BSF        LCD_D4, BitPos(LCD_D4+0)
;__Lib_Lcd.c,144 :: 		
0x0119	0x1486      	BSF        LCD_EN, BitPos(LCD_EN+0)
;__Lib_Lcd.c,145 :: 		
0x011A	0x2014      	CALL       _Delay_1us
;__Lib_Lcd.c,146 :: 		
0x011B	0x1086      	BCF        LCD_EN, BitPos(LCD_EN+0)
;__Lib_Lcd.c,148 :: 		
0x011C	0x1206      	BCF        LCD_D4, BitPos(LCD_D4+0)
;__Lib_Lcd.c,149 :: 		
0x011D	0x1486      	BSF        LCD_EN, BitPos(LCD_EN+0)
;__Lib_Lcd.c,150 :: 		
0x011E	0x2014      	CALL       _Delay_1us
;__Lib_Lcd.c,151 :: 		
0x011F	0x1086      	BCF        LCD_EN, BitPos(LCD_EN+0)
;__Lib_Lcd.c,152 :: 		
0x0120	0x200A      	CALL       _Delay_5500us
;__Lib_Lcd.c,155 :: 		
0x0121	0x1486      	BSF        LCD_EN, BitPos(LCD_EN+0)
;__Lib_Lcd.c,156 :: 		
0x0122	0x2014      	CALL       _Delay_1us
;__Lib_Lcd.c,157 :: 		
0x0123	0x1086      	BCF        LCD_EN, BitPos(LCD_EN+0)
;__Lib_Lcd.c,159 :: 		
0x0124	0x1606      	BSF        LCD_D4, BitPos(LCD_D4+0)
;__Lib_Lcd.c,160 :: 		
0x0125	0x1486      	BSF        LCD_EN, BitPos(LCD_EN+0)
;__Lib_Lcd.c,161 :: 		
0x0126	0x2014      	CALL       _Delay_1us
;__Lib_Lcd.c,162 :: 		
0x0127	0x1086      	BCF        LCD_EN, BitPos(LCD_EN+0)
;__Lib_Lcd.c,163 :: 		
0x0128	0x200A      	CALL       _Delay_5500us
;__Lib_Lcd.c,166 :: 		
0x0129	0x1206      	BCF        LCD_D4, BitPos(LCD_D4+0)
;__Lib_Lcd.c,167 :: 		
0x012A	0x1486      	BSF        LCD_EN, BitPos(LCD_EN+0)
;__Lib_Lcd.c,168 :: 		
0x012B	0x2014      	CALL       _Delay_1us
;__Lib_Lcd.c,169 :: 		
0x012C	0x1086      	BCF        LCD_EN, BitPos(LCD_EN+0)
;__Lib_Lcd.c,171 :: 		
0x012D	0x1786      	BSF        LCD_D7, BitPos(LCD_D7+0)
;__Lib_Lcd.c,172 :: 		
0x012E	0x1706      	BSF        LCD_D6, BitPos(LCD_D6+0)
;__Lib_Lcd.c,173 :: 		
0x012F	0x1686      	BSF        LCD_D5, BitPos(LCD_D5+0)
;__Lib_Lcd.c,174 :: 		
0x0130	0x1606      	BSF        LCD_D4, BitPos(LCD_D4+0)
;__Lib_Lcd.c,175 :: 		
0x0131	0x1486      	BSF        LCD_EN, BitPos(LCD_EN+0)
;__Lib_Lcd.c,176 :: 		
0x0132	0x2014      	CALL       _Delay_1us
;__Lib_Lcd.c,177 :: 		
0x0133	0x1086      	BCF        LCD_EN, BitPos(LCD_EN+0)
;__Lib_Lcd.c,179 :: 		
0x0134	0x200A      	CALL       _Delay_5500us
;__Lib_Lcd.c,181 :: 		
0x0135	0x1423      	BSF        __Lib_Lcd_cmd_status, BitPos(__Lib_Lcd_cmd_status+0)
;__Lib_Lcd.c,182 :: 		
L_end_Lcd_Init:
0x0136	0x0008      	RETURN
; end of _Lcd_Init
_IntToStr:
;__Lib_Conversions.c,195 :: 		
;__Lib_Conversions.c,201 :: 		
0x0137	0x1283      	BCF        STATUS, 5
0x0138	0x01AD      	CLRF       IntToStr_negative_L0
0x0139	0x01AE      	CLRF       IntToStr_negative_L0+1
;__Lib_Conversions.c,202 :: 		
0x013A	0x0828      	MOVF       FARG_IntToStr_input, 0
0x013B	0x00AF      	MOVWF      IntToStr_inword_L0
0x013C	0x0829      	MOVF       FARG_IntToStr_input+1, 0
0x013D	0x00B0      	MOVWF      IntToStr_inword_L0+1
;__Lib_Conversions.c,203 :: 		
0x013E	0x3080      	MOVLW      128
0x013F	0x0629      	XORWF      FARG_IntToStr_input+1, 0
0x0140	0x00C0      	MOVWF      R0
0x0141	0x3080      	MOVLW      128
0x0142	0x0240      	SUBWF      R0, 0
0x0143	0x1D03      	BTFSS      STATUS, 2
0x0144	0x2947      	GOTO       L__IntToStr387
0x0145	0x3000      	MOVLW      0
0x0146	0x0228      	SUBWF      FARG_IntToStr_input, 0
L__IntToStr387:
0x0147	0x1803      	BTFSC      STATUS, 0
0x0148	0x2955      	GOTO       L_IntToStr37
;__Lib_Conversions.c,204 :: 		
0x0149	0x3001      	MOVLW      1
0x014A	0x00AD      	MOVWF      IntToStr_negative_L0
0x014B	0x3000      	MOVLW      0
0x014C	0x00AE      	MOVWF      IntToStr_negative_L0+1
;__Lib_Conversions.c,205 :: 		
0x014D	0x0828      	MOVF       FARG_IntToStr_input, 0
0x014E	0x3C00      	SUBLW      0
0x014F	0x00AF      	MOVWF      IntToStr_inword_L0
0x0150	0x0829      	MOVF       FARG_IntToStr_input+1, 0
0x0151	0x1C03      	BTFSS      STATUS, 0
0x0152	0x3E01      	ADDLW      1
0x0153	0x01B0      	CLRF       IntToStr_inword_L0+1
0x0154	0x02B0      	SUBWF      IntToStr_inword_L0+1, 1
;__Lib_Conversions.c,206 :: 		
L_IntToStr37:
;__Lib_Conversions.c,207 :: 		
0x0155	0x082F      	MOVF       IntToStr_inword_L0, 0
0x0156	0x00B1      	MOVWF      FARG_WordToStr_input
0x0157	0x0830      	MOVF       IntToStr_inword_L0+1, 0
0x0158	0x00B2      	MOVWF      FARG_WordToStr_input+1
0x0159	0x082A      	MOVF       FARG_IntToStr_output, 0
0x015A	0x00B3      	MOVWF      FARG_WordToStr_output
0x015B	0x2072      	CALL       _WordToStr
;__Lib_Conversions.c,209 :: 		
0x015C	0x3006      	MOVLW      6
0x015D	0x00AB      	MOVWF      IntToStr_i_L0
0x015E	0x3000      	MOVLW      0
0x015F	0x00AC      	MOVWF      IntToStr_i_L0+1
;__Lib_Conversions.c,210 :: 		
L_IntToStr38:
0x0160	0x082C      	MOVF       IntToStr_i_L0+1, 0
0x0161	0x3C00      	SUBLW      0
0x0162	0x1D03      	BTFSS      STATUS, 2
0x0163	0x2966      	GOTO       L__IntToStr388
0x0164	0x082B      	MOVF       IntToStr_i_L0, 0
0x0165	0x3C00      	SUBLW      0
L__IntToStr388:
0x0166	0x1803      	BTFSC      STATUS, 0
0x0167	0x2981      	GOTO       L_IntToStr39
;__Lib_Conversions.c,211 :: 		
0x0168	0x082B      	MOVF       IntToStr_i_L0, 0
0x0169	0x072A      	ADDWF      FARG_IntToStr_output, 0
0x016A	0x00C2      	MOVWF      R2
0x016B	0x3001      	MOVLW      1
0x016C	0x022B      	SUBWF      IntToStr_i_L0, 0
0x016D	0x00C0      	MOVWF      R0
0x016E	0x3000      	MOVLW      0
0x016F	0x1C03      	BTFSS      STATUS, 0
0x0170	0x3E01      	ADDLW      1
0x0171	0x022C      	SUBWF      IntToStr_i_L0+1, 0
0x0172	0x00C1      	MOVWF      R0+1
0x0173	0x0840      	MOVF       R0, 0
0x0174	0x072A      	ADDWF      FARG_IntToStr_output, 0
0x0175	0x0084      	MOVWF      FSR
0x0176	0x0800      	MOVF       INDF, 0
0x0177	0x00C0      	MOVWF      R0
0x0178	0x0842      	MOVF       R2, 0
0x0179	0x0084      	MOVWF      FSR
0x017A	0x0840      	MOVF       R0, 0
0x017B	0x0080      	MOVWF      INDF
;__Lib_Conversions.c,212 :: 		
0x017C	0x3001      	MOVLW      1
0x017D	0x02AB      	SUBWF      IntToStr_i_L0, 1
0x017E	0x1C03      	BTFSS      STATUS, 0
0x017F	0x03AC      	DECF       IntToStr_i_L0+1, 1
;__Lib_Conversions.c,213 :: 		
0x0180	0x2960      	GOTO       L_IntToStr38
L_IntToStr39:
;__Lib_Conversions.c,214 :: 		
0x0181	0x082A      	MOVF       FARG_IntToStr_output, 0
0x0182	0x0084      	MOVWF      FSR
0x0183	0x3020      	MOVLW      32
0x0184	0x0080      	MOVWF      INDF
;__Lib_Conversions.c,215 :: 		
0x0185	0x082D      	MOVF       IntToStr_negative_L0, 0
0x0186	0x042E      	IORWF      IntToStr_negative_L0+1, 0
0x0187	0x1903      	BTFSC      STATUS, 2
0x0188	0x299F      	GOTO       L_IntToStr40
;__Lib_Conversions.c,216 :: 		
0x0189	0x01AB      	CLRF       IntToStr_i_L0
0x018A	0x01AC      	CLRF       IntToStr_i_L0+1
;__Lib_Conversions.c,217 :: 		
L_IntToStr41:
0x018B	0x082B      	MOVF       IntToStr_i_L0, 0
0x018C	0x072A      	ADDWF      FARG_IntToStr_output, 0
0x018D	0x0084      	MOVWF      FSR
0x018E	0x0800      	MOVF       INDF, 0
0x018F	0x3A20      	XORLW      32
0x0190	0x1D03      	BTFSS      STATUS, 2
0x0191	0x2996      	GOTO       L_IntToStr42
0x0192	0x0AAB      	INCF       IntToStr_i_L0, 1
0x0193	0x1903      	BTFSC      STATUS, 2
0x0194	0x0AAC      	INCF       IntToStr_i_L0+1, 1
0x0195	0x298B      	GOTO       L_IntToStr41
L_IntToStr42:
;__Lib_Conversions.c,218 :: 		
0x0196	0x3001      	MOVLW      1
0x0197	0x02AB      	SUBWF      IntToStr_i_L0, 1
0x0198	0x1C03      	BTFSS      STATUS, 0
0x0199	0x03AC      	DECF       IntToStr_i_L0+1, 1
;__Lib_Conversions.c,219 :: 		
0x019A	0x082B      	MOVF       IntToStr_i_L0, 0
0x019B	0x072A      	ADDWF      FARG_IntToStr_output, 0
0x019C	0x0084      	MOVWF      FSR
0x019D	0x302D      	MOVLW      45
0x019E	0x0080      	MOVWF      INDF
L_IntToStr40:
;__Lib_Conversions.c,220 :: 		
L_end_IntToStr:
0x019F	0x0008      	RETURN
; end of _IntToStr
_Lcd_Out:
;__Lib_Lcd.c,184 :: 		
;__Lib_Lcd.c,187 :: 		
0x01A0	0x29B1      	GOTO       L_Lcd_Out11
;__Lib_Lcd.c,188 :: 		
L_Lcd_Out13:
0x01A1	0x3080      	MOVLW      128
0x01A2	0x1283      	BCF        STATUS, 5
0x01A3	0x00A8      	MOVWF      FARG_Lcd_Out_row
0x01A4	0x29C2      	GOTO       L_Lcd_Out12
;__Lib_Lcd.c,189 :: 		
L_Lcd_Out14:
0x01A5	0x30C0      	MOVLW      192
0x01A6	0x00A8      	MOVWF      FARG_Lcd_Out_row
0x01A7	0x29C2      	GOTO       L_Lcd_Out12
;__Lib_Lcd.c,190 :: 		
L_Lcd_Out15:
0x01A8	0x3094      	MOVLW      148
0x01A9	0x00A8      	MOVWF      FARG_Lcd_Out_row
0x01AA	0x29C2      	GOTO       L_Lcd_Out12
;__Lib_Lcd.c,191 :: 		
L_Lcd_Out16:
0x01AB	0x30D4      	MOVLW      212
0x01AC	0x00A8      	MOVWF      FARG_Lcd_Out_row
0x01AD	0x29C2      	GOTO       L_Lcd_Out12
;__Lib_Lcd.c,192 :: 		
L_Lcd_Out17:
0x01AE	0x3080      	MOVLW      128
0x01AF	0x00A8      	MOVWF      FARG_Lcd_Out_row
;__Lib_Lcd.c,193 :: 		
0x01B0	0x29C2      	GOTO       L_Lcd_Out12
L_Lcd_Out11:
0x01B1	0x0828      	MOVF       FARG_Lcd_Out_row, 0
0x01B2	0x3A01      	XORLW      1
0x01B3	0x1903      	BTFSC      STATUS, 2
0x01B4	0x29A1      	GOTO       L_Lcd_Out13
0x01B5	0x0828      	MOVF       FARG_Lcd_Out_row, 0
0x01B6	0x3A02      	XORLW      2
0x01B7	0x1903      	BTFSC      STATUS, 2
0x01B8	0x29A5      	GOTO       L_Lcd_Out14
0x01B9	0x0828      	MOVF       FARG_Lcd_Out_row, 0
0x01BA	0x3A03      	XORLW      3
0x01BB	0x1903      	BTFSC      STATUS, 2
0x01BC	0x29A8      	GOTO       L_Lcd_Out15
0x01BD	0x0828      	MOVF       FARG_Lcd_Out_row, 0
0x01BE	0x3A04      	XORLW      4
0x01BF	0x1903      	BTFSC      STATUS, 2
0x01C0	0x29AB      	GOTO       L_Lcd_Out16
0x01C1	0x29AE      	GOTO       L_Lcd_Out17
L_Lcd_Out12:
;__Lib_Lcd.c,194 :: 		
0x01C2	0x0329      	DECF       FARG_Lcd_Out_column, 0
0x01C3	0x00C0      	MOVWF      R0
0x01C4	0x0828      	MOVF       FARG_Lcd_Out_row, 0
0x01C5	0x07C0      	ADDWF      R0, 1
0x01C6	0x0840      	MOVF       R0, 0
0x01C7	0x00A8      	MOVWF      FARG_Lcd_Out_row
;__Lib_Lcd.c,196 :: 		
0x01C8	0x0840      	MOVF       R0, 0
0x01C9	0x00B6      	MOVWF      FARG_Lcd_Cmd_out_char
0x01CA	0x2016      	CALL       _Lcd_Cmd
;__Lib_Lcd.c,197 :: 		
0x01CB	0x1023      	BCF        __Lib_Lcd_cmd_status, BitPos(__Lib_Lcd_cmd_status+0)
;__Lib_Lcd.c,198 :: 		
0x01CC	0x01AB      	CLRF       Lcd_Out_i_L0
;__Lib_Lcd.c,199 :: 		
L_Lcd_Out18:
0x01CD	0x082B      	MOVF       Lcd_Out_i_L0, 0
0x01CE	0x072A      	ADDWF      FARG_Lcd_Out_text, 0
0x01CF	0x0084      	MOVWF      FSR
0x01D0	0x0800      	MOVF       INDF, 0
0x01D1	0x1903      	BTFSC      STATUS, 2
0x01D2	0x29DB      	GOTO       L_Lcd_Out19
;__Lib_Lcd.c,200 :: 		
0x01D3	0x082B      	MOVF       Lcd_Out_i_L0, 0
0x01D4	0x072A      	ADDWF      FARG_Lcd_Out_text, 0
0x01D5	0x0084      	MOVWF      FSR
0x01D6	0x0800      	MOVF       INDF, 0
0x01D7	0x00B1      	MOVWF      FARG_Lcd_Chr_CP_out_char
0x01D8	0x20E3      	CALL       _Lcd_Chr_CP
0x01D9	0x0AAB      	INCF       Lcd_Out_i_L0, 1
0x01DA	0x29CD      	GOTO       L_Lcd_Out18
L_Lcd_Out19:
;__Lib_Lcd.c,201 :: 		
0x01DB	0x1423      	BSF        __Lib_Lcd_cmd_status, BitPos(__Lib_Lcd_cmd_status+0)
;__Lib_Lcd.c,202 :: 		
L_end_Lcd_Out:
0x01DC	0x0008      	RETURN
; end of _Lcd_Out
___CC2DW:
;__Lib_System.c,134 :: 		
;__Lib_System.c,137 :: 		
_CC2D_Loop1:
;__Lib_System.c,139 :: 		
0x01DD	0x20DD      	CALL       _____DoICP
0x01DE	0x118A      	BCF        PCLATH, 3
0x01DF	0x120A      	BCF        PCLATH, 4
;__Lib_System.c,141 :: 		
0x01E0	0x0080      	MOVWF      INDF
;__Lib_System.c,142 :: 		
0x01E1	0x0A84      	INCF       FSR, 1
;__Lib_System.c,143 :: 		
0x01E2	0x0AA6      	INCF       ___DoICPAddr, 1
;__Lib_System.c,145 :: 		
0x01E3	0x1903      	BTFSC      STATUS, 2
;__Lib_System.c,146 :: 		
0x01E4	0x0AA7      	INCF       ___DoICPAddr+1, 1
;__Lib_System.c,147 :: 		
0x01E5	0x03C0      	DECF       R0, 1
;__Lib_System.c,149 :: 		
0x01E6	0x1D03      	BTFSS      STATUS, 2
;__Lib_System.c,150 :: 		
0x01E7	0x29DD      	GOTO       _CC2D_Loop1
;__Lib_System.c,152 :: 		
L_end___CC2DW:
0x01E8	0x0008      	RETURN
; end of ___CC2DW
_Div_16x16_S:
;__Lib_Math.c,480 :: 		
;__Lib_Math.c,488 :: 		
0x01E9	0x1283      	BCF        STATUS, 5
0x01EA	0x0844      	MOVF       R4, 0
0x01EB	0x3A00      	XORLW      0
0x01EC	0x1D03      	BTFSS      STATUS, 2
0x01ED	0x29F7      	GOTO       L_Div_16x16_S0
;__Lib_Math.c,489 :: 		
0x01EE	0x0845      	MOVF       R5, 0
0x01EF	0x3A00      	XORLW      0
0x01F0	0x1D03      	BTFSS      STATUS, 2
0x01F1	0x29F7      	GOTO       L_Div_16x16_S1
;__Lib_Math.c,490 :: 		
0x01F2	0x30FF      	MOVLW      255
0x01F3	0x00C0      	MOVWF      R0
;__Lib_Math.c,491 :: 		
0x01F4	0x307F      	MOVLW      127
0x01F5	0x00C1      	MOVWF      R1
;__Lib_Math.c,492 :: 		
0x01F6	0x2A50      	GOTO       L_end_Div_16x16_S
;__Lib_Math.c,493 :: 		
L_Div_16x16_S1:
L_Div_16x16_S0:
;__Lib_Math.c,496 :: 		
0x01F7	0x1283      	BCF        STATUS, 5
;__Lib_Math.c,497 :: 		
0x01F8	0x1303      	BCF        STATUS, 6
;__Lib_Math.c,498 :: 		
0x01F9	0x01CD      	CLRF       R13
;__Lib_Math.c,499 :: 		
0x01FA	0x01C9      	CLRF       R9
;__Lib_Math.c,500 :: 		
0x01FB	0x01C8      	CLRF       R8
;__Lib_Math.c,501 :: 		
0x01FC	0x0841      	MOVF       R1, 0
;__Lib_Math.c,502 :: 		
0x01FD	0x0440      	IORWF      R0, 0
;__Lib_Math.c,503 :: 		
0x01FE	0x1903      	BTFSC      STATUS, 2
;__Lib_Math.c,504 :: 		
0x01FF	0x3400      	RETLW      0
;__Lib_Math.c,506 :: 		
0x0200	0x0841      	MOVF       R1, 0
;__Lib_Math.c,507 :: 		
0x0201	0x0645      	XORWF      R5, 0
;__Lib_Math.c,508 :: 		
0x0202	0x00CA      	MOVWF      R10
;__Lib_Math.c,509 :: 		
0x0203	0x1BCA      	BTFSC      R10, 7
;__Lib_Math.c,510 :: 		
0x0204	0x09CD      	COMF       R13, 1
;__Lib_Math.c,512 :: 		
0x0205	0x01CB      	CLRF       R11
;__Lib_Math.c,514 :: 		
0x0206	0x1FC5      	BTFSS      R5, 7
;__Lib_Math.c,515 :: 		
0x0207	0x2A0D      	GOTO       $+6
;__Lib_Math.c,517 :: 		
0x0208	0x09C4      	COMF       R4, 1
;__Lib_Math.c,518 :: 		
0x0209	0x09C5      	COMF       R5, 1
;__Lib_Math.c,519 :: 		
0x020A	0x0AC4      	INCF       R4, 1
;__Lib_Math.c,520 :: 		
0x020B	0x1903      	BTFSC      STATUS, 2
;__Lib_Math.c,521 :: 		
0x020C	0x0AC5      	INCF       R5, 1
;__Lib_Math.c,523 :: 		
0x020D	0x1FC1      	BTFSS      R1, 7
;__Lib_Math.c,524 :: 		
0x020E	0x2A14      	GOTO       $+6
;__Lib_Math.c,526 :: 		
0x020F	0x09C0      	COMF       R0, 1
;__Lib_Math.c,527 :: 		
0x0210	0x09C1      	COMF       R1, 1
;__Lib_Math.c,528 :: 		
0x0211	0x0AC0      	INCF       R0, 1
;__Lib_Math.c,529 :: 		
0x0212	0x1903      	BTFSC      STATUS, 2
;__Lib_Math.c,530 :: 		
0x0213	0x0AC1      	INCF       R1, 1
;__Lib_Math.c,532 :: 		
0x0214	0x0841      	MOVF       R1, 0
;__Lib_Math.c,533 :: 		
0x0215	0x0445      	IORWF      R5, 0
;__Lib_Math.c,534 :: 		
0x0216	0x00CA      	MOVWF      R10
;__Lib_Math.c,535 :: 		
0x0217	0x1BCA      	BTFSC      R10, 7
;__Lib_Math.c,536 :: 		
0x0218	0x2A29      	GOTO       $+17
;__Lib_Math.c,538 :: 		
0x0219	0x20B1      	CALL       _Div_16x16_S_L
;__Lib_Math.c,540 :: 		
0x021A	0x184B      	BTFSC      R11, 0
;__Lib_Math.c,541 :: 		
0x021B	0x2A3C      	GOTO       $+33
;__Lib_Math.c,543 :: 		
0x021C	0x1FCD      	BTFSS      R13, 7
;__Lib_Math.c,544 :: 		
0x021D	0x3400      	RETLW      0
;__Lib_Math.c,546 :: 		
0x021E	0x09C0      	COMF       R0, 1
;__Lib_Math.c,547 :: 		
0x021F	0x09C1      	COMF       R1, 1
;__Lib_Math.c,548 :: 		
0x0220	0x0AC0      	INCF       R0, 1
;__Lib_Math.c,549 :: 		
0x0221	0x1903      	BTFSC      STATUS, 2
;__Lib_Math.c,550 :: 		
0x0222	0x0AC1      	INCF       R1, 1
;__Lib_Math.c,552 :: 		
0x0223	0x09C8      	COMF       R8, 1
;__Lib_Math.c,553 :: 		
0x0224	0x09C9      	COMF       R9, 1
;__Lib_Math.c,554 :: 		
0x0225	0x0AC8      	INCF       R8, 1
;__Lib_Math.c,555 :: 		
0x0226	0x1903      	BTFSC      STATUS, 2
;__Lib_Math.c,556 :: 		
0x0227	0x0AC9      	INCF       R9, 1
;__Lib_Math.c,558 :: 		
0x0228	0x3400      	RETLW      0
;__Lib_Math.c,560 :: 		
0x0229	0x1FC5      	BTFSS      R5, 7
;__Lib_Math.c,561 :: 		
0x022A	0x2A38      	GOTO       $+14
;__Lib_Math.c,562 :: 		
0x022B	0x1BC1      	BTFSC      R1, 7
;__Lib_Math.c,563 :: 		
0x022C	0x2A34      	GOTO       $+8
;__Lib_Math.c,564 :: 		
0x022D	0x0841      	MOVF       R1, 0
;__Lib_Math.c,565 :: 		
0x022E	0x00C9      	MOVWF      R9
;__Lib_Math.c,566 :: 		
0x022F	0x0840      	MOVF       R0, 0
;__Lib_Math.c,567 :: 		
0x0230	0x00C8      	MOVWF      R8
;__Lib_Math.c,568 :: 		
0x0231	0x01C1      	CLRF       R1
;__Lib_Math.c,569 :: 		
0x0232	0x01C0      	CLRF       R0
;__Lib_Math.c,570 :: 		
0x0233	0x2A1C      	GOTO       $-23
;__Lib_Math.c,571 :: 		
0x0234	0x01C1      	CLRF       R1
;__Lib_Math.c,572 :: 		
0x0235	0x01C0      	CLRF       R0
;__Lib_Math.c,573 :: 		
0x0236	0x0AC0      	INCF       R0, 1
;__Lib_Math.c,574 :: 		
0x0237	0x3400      	RETLW      0
;__Lib_Math.c,576 :: 		
0x0238	0x09C1      	COMF       R1, 1
;__Lib_Math.c,577 :: 		
0x0239	0x09C0      	COMF       R0, 1
;__Lib_Math.c,578 :: 		
0x023A	0x0ACB      	INCF       R11, 1
;__Lib_Math.c,579 :: 		
0x023B	0x2A19      	GOTO       $-34
;__Lib_Math.c,581 :: 		
0x023C	0x0AC8      	INCF       R8, 1
;__Lib_Math.c,582 :: 		
0x023D	0x1903      	BTFSC      STATUS, 2
;__Lib_Math.c,583 :: 		
0x023E	0x0AC9      	INCF       R9, 1
;__Lib_Math.c,584 :: 		
0x023F	0x0844      	MOVF       R4, 0
;__Lib_Math.c,585 :: 		
0x0240	0x0248      	SUBWF      R8, 0
;__Lib_Math.c,586 :: 		
0x0241	0x1D03      	BTFSS      STATUS, 2
;__Lib_Math.c,587 :: 		
0x0242	0x2A1C      	GOTO       $-38
;__Lib_Math.c,588 :: 		
0x0243	0x0845      	MOVF       R5, 0
;__Lib_Math.c,589 :: 		
0x0244	0x0249      	SUBWF      R9, 0
;__Lib_Math.c,590 :: 		
0x0245	0x1D03      	BTFSS      STATUS, 2
;__Lib_Math.c,591 :: 		
0x0246	0x2A1C      	GOTO       $-42
;__Lib_Math.c,592 :: 		
0x0247	0x01C9      	CLRF       R9
;__Lib_Math.c,593 :: 		
0x0248	0x01C8      	CLRF       R8
;__Lib_Math.c,594 :: 		
0x0249	0x0AC0      	INCF       R0, 1
;__Lib_Math.c,595 :: 		
0x024A	0x1903      	BTFSC      STATUS, 2
;__Lib_Math.c,596 :: 		
0x024B	0x0AC1      	INCF       R1, 1
;__Lib_Math.c,597 :: 		
0x024C	0x1FC1      	BTFSS      R1, 7
;__Lib_Math.c,598 :: 		
0x024D	0x2A1C      	GOTO       $-49
;__Lib_Math.c,599 :: 		
0x024E	0x0000      	NOP
;__Lib_Math.c,600 :: 		
0x024F	0x34FF      	RETLW      255
;__Lib_Math.c,602 :: 		
L_end_Div_16x16_S:
0x0250	0x0008      	RETURN
; end of _Div_16x16_S
_main:
0x0251	0x3064      	MOVLW      100
0x0252	0x1283      	BCF        STATUS, 5
0x0253	0x008C      	MOVWF      _sayi2
0x0254	0x018D      	CLRF       13
0x0255	0x3036      	MOVLW      54
0x0256	0x008E      	MOVWF      ?lstr1_bolme_islemi
0x0257	0x3030      	MOVLW      48
0x0258	0x008F      	MOVWF      15
0x0259	0x3030      	MOVLW      48
0x025A	0x0090      	MOVWF      16
0x025B	0x302F      	MOVLW      47
0x025C	0x0091      	MOVWF      17
0x025D	0x3031      	MOVLW      49
0x025E	0x0092      	MOVWF      18
0x025F	0x3030      	MOVLW      48
0x0260	0x0093      	MOVWF      19
0x0261	0x3030      	MOVLW      48
0x0262	0x0094      	MOVWF      20
0x0263	0x303D      	MOVLW      61
0x0264	0x0095      	MOVWF      21
0x0265	0x3020      	MOVLW      32
0x0266	0x0096      	MOVWF      22
0x0267	0x0197      	CLRF       23
0x0268	0x3058      	MOVLW      88
0x0269	0x0098      	MOVWF      _sayi1
0x026A	0x3002      	MOVLW      2
0x026B	0x0099      	MOVWF      25
;bolme_islemi.c,22 :: 		void main() {
;bolme_islemi.c,23 :: 		sonuc=sayi1/sayi2;                  //Bölme iþlemi yapýlýyor.
0x026C	0x080C      	MOVF       _sayi2, 0
0x026D	0x00C4      	MOVWF      R4
0x026E	0x080D      	MOVF       _sayi2+1, 0
0x026F	0x00C5      	MOVWF      R4+1
0x0270	0x0818      	MOVF       _sayi1, 0
0x0271	0x00C0      	MOVWF      R0
0x0272	0x0819      	MOVF       _sayi1+1, 0
0x0273	0x00C1      	MOVWF      R0+1
0x0274	0x21E9      	CALL       _Div_16x16_S
0x0275	0x0840      	MOVF       R0, 0
0x0276	0x00A4      	MOVWF      _sonuc
0x0277	0x0841      	MOVF       R0+1, 0
0x0278	0x00A5      	MOVWF      _sonuc+1
;bolme_islemi.c,24 :: 		IntToStr(sonuc,txtsonuc);          // Ýþlem sonucunu LCD de basmak için string olan txtsonuc ifadesine atadýk.
0x0279	0x0840      	MOVF       R0, 0
0x027A	0x00A8      	MOVWF      FARG_IntToStr_input
0x027B	0x0841      	MOVF       R0+1, 0
0x027C	0x00A9      	MOVWF      FARG_IntToStr_input+1
0x027D	0x301A      	MOVLW      _txtsonuc
0x027E	0x00AA      	MOVWF      FARG_IntToStr_output
0x027F	0x2137      	CALL       _IntToStr
;bolme_islemi.c,25 :: 		Lcd_Init();                        // Lcd yi baþlatýyoruz
0x0280	0x20EA      	CALL       _Lcd_Init
;bolme_islemi.c,26 :: 		Lcd_Cmd(_LCD_CLEAR);               // Ekraný temizliyoruz
0x0281	0x3001      	MOVLW      1
0x0282	0x00B6      	MOVWF      FARG_Lcd_Cmd_out_char
0x0283	0x2016      	CALL       _Lcd_Cmd
;bolme_islemi.c,27 :: 		Lcd_Cmd(_LCD_CURSOR_OFF);          // Ýmleci  kapattýk.
0x0284	0x300C      	MOVLW      12
0x0285	0x00B6      	MOVWF      FARG_Lcd_Cmd_out_char
0x0286	0x2016      	CALL       _Lcd_Cmd
;bolme_islemi.c,28 :: 		Lcd_Out(1,1,"600/100= ");           // 1.satýr 1.sütundan "Bölme sonucu" yazýsýný yazdýrýyoruz.
0x0287	0x3001      	MOVLW      1
0x0288	0x00A8      	MOVWF      FARG_Lcd_Out_row
0x0289	0x3001      	MOVLW      1
0x028A	0x00A9      	MOVWF      FARG_Lcd_Out_column
0x028B	0x300E      	MOVLW      ?lstr1_bolme_islemi
0x028C	0x00AA      	MOVWF      FARG_Lcd_Out_text
0x028D	0x21A0      	CALL       _Lcd_Out
;bolme_islemi.c,29 :: 		Lcd_Out(1,9,txtsonuc);             // 1.satýr 9.sütundan bölme iþlemi sonucunu yazdýrýyoruz.
0x028E	0x3001      	MOVLW      1
0x028F	0x00A8      	MOVWF      FARG_Lcd_Out_row
0x0290	0x3009      	MOVLW      9
0x0291	0x00A9      	MOVWF      FARG_Lcd_Out_column
0x0292	0x301A      	MOVLW      _txtsonuc
0x0293	0x00AA      	MOVWF      FARG_Lcd_Out_text
0x0294	0x21A0      	CALL       _Lcd_Out
;bolme_islemi.c,31 :: 		}
L_end_main:
0x0295	0x2A95      	GOTO       $+0
; end of _main
Symbol List:
//** Routines locations **
//ADDRESS    SIZE    PROCEDURE
//----------------------------------------------
0x0003       [7]    _Delay_50us
0x000A      [10]    _Delay_5500us
0x0014       [2]    _Delay_1us
0x0016      [63]    _Lcd_Cmd
0x0055      [29]    _Div_16X16_U
0x0072      [63]    _WordToStr
0x00B1      [44]    _Div_16x16_S_L
0x00DD       [6]    _____DoICP
0x00E3       [7]    _Lcd_Chr_CP
0x00EA      [77]    _Lcd_Init
0x0137     [105]    _IntToStr
0x01A0      [61]    _Lcd_Out
0x01DD      [12]    ___CC2DW
0x01E9     [104]    _Div_16x16_S
0x0251      [69]    _main
//** Variables locations ** 
//ADDRESS    SIZE    VARIABLE
//----------------------------------------------
0x0000       [1]    INDF
0x0002       [1]    PCL
0x0003       [1]    STATUS
0x0004       [1]    FSR
0x0006       [0]    LCD_D5
0x0006       [0]    LCD_D4
0x0006       [0]    LCD_RS
0x0006       [0]    LCD_EN
0x0006       [0]    RB0_bit
0x0006       [0]    LCD_D6
0x0006       [0]    LCD_D7
0x0006       [0]    RB1_bit
0x0006       [0]    RB6_bit
0x0006       [0]    RB5_bit
0x0006       [0]    RB7_bit
0x0006       [0]    RB4_bit
0x000A       [1]    PCLATH
0x000C       [2]    _sayi2
0x000E      [10]    ?lstr1_bolme_islemi
0x0018       [2]    _sayi1
0x001A       [9]    _txtsonuc
0x0023       [0]    __Lib_Lcd_cmd_status
0x0024       [2]    _sonuc
0x0026       [2]    ___DoICPAddr
0x0028       [1]    FARG_Lcd_Out_row
0x0028       [2]    FARG_IntToStr_input
0x0029       [1]    FARG_Lcd_Out_column
0x002A       [1]    FARG_Lcd_Out_text
0x002A       [1]    FARG_IntToStr_output
0x002B       [1]    Lcd_Out_i_L0
0x002B       [2]    IntToStr_i_L0
0x002D       [2]    IntToStr_negative_L0
0x002F       [2]    IntToStr_inword_L0
0x0031       [2]    FARG_WordToStr_input
0x0031       [1]    FARG_Lcd_Chr_CP_out_char
0x0033       [1]    FARG_WordToStr_output
0x0034       [1]    WordToStr_len_L0
0x0035       [1]    FLOC__WordToStr
0x0036       [1]    FARG_Lcd_Cmd_out_char
0x0040       [1]    R0
0x0041       [1]    R1
0x0042       [1]    R2
0x0043       [1]    R3
0x0044       [1]    R4
0x0045       [1]    R5
0x0046       [1]    R6
0x0047       [1]    R7
0x0048       [1]    R8
0x0049       [1]    R9
0x004A       [1]    R10
0x004B       [1]    R11
0x004C       [1]    R12
0x004D       [1]    R13
0x004E       [1]    R14
0x004F       [1]    R15
0x0086       [0]    TRISB1_bit
0x0086       [0]    TRISB0_bit
0x0086       [0]    TRISB4_bit
0x0086       [0]    LCD_RS_Direction
0x0086       [0]    LCD_D5_Direction
0x0086       [0]    LCD_D4_Direction
0x0086       [0]    LCD_D6_Direction
0x0086       [0]    LCD_EN_Direction
0x0086       [0]    LCD_D7_Direction
0x0086       [0]    TRISB7_bit
0x0086       [0]    TRISB5_bit
0x0086       [0]    TRISB6_bit
